slurmstepd: info: Setting TMPDIR to /scratch/4527116. Previous errors about TMPDIR can be discarded
squashfs/4.3 loaded
go/1.17.8 loaded
singularity/3.9.7 loaded
ubuntu18.04-apps/23.04.2020 loaded
INFO:    Converting SIF file to temporary sandbox...
WARNING: While bind mounting '/mnt:/mnt': destination is already in the mount point list
Base Port: 20000
Start: 20000
Seq: 0
Seq: 1
Seq: 2
Seq: 3
Seq: 4
Seq: 5
Seq: 6
Seq: 7
Seq: 8
Seq: 9
Seq: 10
Seq: 11
Seq: 12
Seq: 13
Seq: 14
Seq: 15
Seq: 16
Seq: 17
Seq: 18
Seq: 19
Seq: 20
Seq: 21
Seq: 22
Seq: 23
Seq: 24
Seq: 25
Seq: 26
Seq: 27
Seq: 28
Seq: 29
Seq: 30
Seq: 31
Seq: 32
Seq: 33
Seq: 34
Seq: 35
Seq: 36
Seq: 37
Seq: 38
Seq: 39
Seq: 40
Seq: 41
Seq: 42
Seq: 43
Seq: 44
Seq: 45
Seq: 46
Seq: 47
Seq: 48
Seq: 49
Seq: 50
Seq: 51
Seq: 52
Seq: 53
Seq: 54
Seq: 55
Seq: 56
Seq: 57
Seq: 58
Seq: 59
Seq: 60
Seq: 61
Seq: 62
Seq: 63
Seq: 64
Seq: 65
Seq: 66
Seq: 67
Seq: 68
Seq: 69
Seq: 70
Seq: 71
Seq: 72
Seq: 73
Seq: 74
Seq: 75
Seq: 76
Seq: 77
Seq: 78
Seq: 79
Seq: 80
Seq: 81
Seq: 82
Seq: 83
Seq: 84
Seq: 85
Seq: 86
Seq: 87
Seq: 88
Seq: 89
Seq: 90
Seq: 91
Seq: 92
Seq: 93
Seq: 94
Seq: 95
Seq: 96
Seq: 97
Seq: 98
Seq: 99
Seq: 100
Seq: 101
Seq: 102
Seq: 103
Seq: 104
Seq: 105
Seq: 106
Seq: 107
Seq: 108
Seq: 109
Seq: 110
Seq: 111
Seq: 112
Seq: 113
Seq: 114
Seq: 115
Seq: 116
Seq: 117
Seq: 118
Seq: 119
Seq: 120
Seq: 121
Seq: 122
Seq: 123
Seq: 124
Seq: 125
Seq: 126
Seq: 127
Seq: 128
Seq: 129
Seq: 130
Seq: 131
Seq: 132
Seq: 133
Seq: 134
Seq: 135
Seq: 136
Seq: 137
Seq: 138
Seq: 139
Seq: 140
Seq: 141
Seq: 142
Seq: 143
Seq: 144
Seq: 145
Seq: 146
Seq: 147
Seq: 148
Seq: 149
Seq: 150
Seq: 151
Seq: 152
Seq: 153
Seq: 154
Seq: 155
Seq: 156
Seq: 157
Seq: 158
Seq: 159
Seq: 160
Seq: 161
Seq: 162
Seq: 163
Seq: 164
Seq: 165
Seq: 166
Seq: 167
Seq: 168
Seq: 169
Seq: 170
Seq: 171
Seq: 172
Seq: 173
Seq: 174
Seq: 175
Seq: 176
Seq: 177
Seq: 178
Seq: 179
Seq: 180
Seq: 181
Seq: 182
Seq: 183
Seq: 184
Seq: 185
Seq: 186
Seq: 187
Seq: 188
Seq: 189
Seq: 190
Seq: 191
Seq: 192
Seq: 193
Seq: 194
Seq: 195
Seq: 196
Seq: 197
Seq: 198
Seq: 199
Seq: 200
Seq: 201
Seq: 202
Seq: 203
Seq: 204
Seq: 205
Seq: 206
Seq: 207
Seq: 208
Seq: 209
Seq: 210
Seq: 211
Seq: 212
Seq: 213
Seq: 214
Seq: 215
Seq: 216
Seq: 217
Seq: 218
Seq: 219
Seq: 220
Seq: 221
Seq: 222
Seq: 223
Seq: 224
Seq: 225
Seq: 226
Seq: 227
Seq: 228
Seq: 229
Seq: 230
Seq: 231
Seq: 232
Seq: 233
Seq: 234
Seq: 235
Seq: 236
Seq: 237
Seq: 238
Seq: 239
Seq: 240
Seq: 241
Seq: 242
Seq: 243
Seq: 244
Seq: 245
Seq: 246
Seq: 247
Seq: 248
Seq: 249
Seq: 250
Seq: 251
Seq: 252
Seq: 253
Seq: 254
Seq: 255
Seq: 256
Seq: 257
Seq: 258
Seq: 259
Seq: 260
Seq: 261
Seq: 262
Seq: 263
Seq: 264
Seq: 265
Seq: 266
Seq: 267
Seq: 268
Seq: 269
Seq: 270
Seq: 271
Seq: 272
Seq: 273
Seq: 274
Seq: 275
Seq: 276
Seq: 277
Seq: 278
Seq: 279
Seq: 280
Seq: 281
Seq: 282
Seq: 283
Seq: 284
Seq: 285
Seq: 286
Seq: 287
Seq: 288
Seq: 289
Seq: 290
Seq: 291
Seq: 292
Seq: 293
Seq: 294
Seq: 295
Seq: 296
Seq: 297
Seq: 298
Seq: 299
Seq: 300
Seq: 301
Seq: 302
Seq: 303
Seq: 304
Seq: 305
Seq: 306
Seq: 307
Seq: 308
Seq: 309
Seq: 310
Seq: 311
Seq: 312
Seq: 313
Seq: 314
Seq: 315
Seq: 316
Seq: 317
Seq: 318
Seq: 319
Seq: 320
Seq: 321
Seq: 322
Seq: 323
Seq: 324
Seq: 325
Seq: 326
Seq: 327
Seq: 328
Seq: 329
Seq: 330
Seq: 331
Seq: 332
Seq: 333
Seq: 334
Seq: 335
Seq: 336
Seq: 337
Seq: 338
Seq: 339
Seq: 340
Seq: 341
Seq: 342
Seq: 343
Seq: 344
Seq: 345
Seq: 346
Seq: 347
Seq: 348
Seq: 349
Seq: 350
Seq: 351
Seq: 352
Seq: 353
Seq: 354
Seq: 355
Seq: 356
Seq: 357
Seq: 358
Seq: 359
Seq: 360
Seq: 361
Seq: 362
Seq: 363
Seq: 364
Seq: 365
Seq: 366
Seq: 367
Seq: 368
Seq: 369
Seq: 370
Seq: 371
Seq: 372
Seq: 373
Seq: 374
Seq: 375
Seq: 376
Seq: 377
Seq: 378
Seq: 379
Seq: 380
Seq: 381
Seq: 382
Seq: 383
Seq: 384
Seq: 385
Seq: 386
Seq: 387
Seq: 388
Seq: 389
Seq: 390
Seq: 391
Seq: 392
Seq: 393
Seq: 394
Seq: 395
Seq: 396
Seq: 397
Seq: 398
Seq: 399
Seq: 400
Seq: 401
Seq: 402
Seq: 403
Seq: 404
Seq: 405
Seq: 406
Seq: 407
Seq: 408
Seq: 409
Seq: 410
Seq: 411
Seq: 412
Seq: 413
Seq: 414
Seq: 415
Seq: 416
Seq: 417
Seq: 418
Seq: 419
Seq: 420
Seq: 421
Seq: 422
Seq: 423
Seq: 424
Seq: 425
Seq: 426
Seq: 427
Seq: 428
Seq: 429
Seq: 430
Seq: 431
Seq: 432
Seq: 433
Seq: 434
Seq: 435
Seq: 436
Seq: 437
Seq: 438
Seq: 439
Seq: 440
Seq: 441
Seq: 442
Seq: 443
Seq: 444
Seq: 445
Seq: 446
Seq: 447
Seq: 448
Seq: 449
Seq: 450
Seq: 451
Seq: 452
Seq: 453
Seq: 454
Seq: 455
Seq: 456
Seq: 457
Seq: 458
Seq: 459
Seq: 460
Seq: 461
Seq: 462
Seq: 463
Seq: 464
Seq: 465
Seq: 466
Seq: 467
Seq: 468
Seq: 469
Seq: 470
Seq: 471
Seq: 472
Seq: 473
Seq: 474
Seq: 475
Seq: 476
Seq: 477
Seq: 478
Seq: 479
Seq: 480
Seq: 481
Seq: 482
Seq: 483
Seq: 484
Seq: 485
Seq: 486
Seq: 487
Seq: 488
Seq: 489
Seq: 490
Seq: 491
Seq: 492
Seq: 493
Seq: 494
Seq: 495
Seq: 496
Seq: 497
Seq: 498
Seq: 499
Seq: 500
Seq: 501
Seq: 502
Seq: 503
Seq: 504
Seq: 505
Seq: 506
Seq: 507
Seq: 508
Seq: 509
Seq: 510
Seq: 511
Seq: 512
Seq: 513
Seq: 514
Seq: 515
Seq: 516
Seq: 517
Seq: 518
Seq: 519
Seq: 520
Seq: 521
Seq: 522
Seq: 523
Seq: 524
Seq: 525
Seq: 526
Seq: 527
Seq: 528
Seq: 529
Seq: 530
Seq: 531
Seq: 532
Seq: 533
Seq: 534
Seq: 535
Seq: 536
Seq: 537
Seq: 538
Seq: 539
Seq: 540
Seq: 541
Seq: 542
Seq: 543
Seq: 544
Seq: 545
Seq: 546
Seq: 547
Seq: 548
Seq: 549
Seq: 550
Seq: 551
Seq: 552
Seq: 553
Seq: 554
Seq: 555
Seq: 556
Seq: 557
Seq: 558
Seq: 559
Seq: 560
Seq: 561
Seq: 562
Seq: 563
Seq: 564
Seq: 565
Seq: 566
Seq: 567
Seq: 568
Seq: 569
Seq: 570
Seq: 571
Seq: 572
Seq: 573
Seq: 574
Seq: 575
Seq: 576
Seq: 577
Seq: 578
Seq: 579
Seq: 580
Seq: 581
Seq: 582
Seq: 583
Seq: 584
Seq: 585
Seq: 586
Seq: 587
Seq: 588
Seq: 589
Seq: 590
Seq: 591
Seq: 592
Seq: 593
Seq: 594
Seq: 595
Seq: 596
Seq: 597
Seq: 598
Seq: 599
Seq: 600
Seq: 601
Seq: 602
Seq: 603
Seq: 604
Seq: 605
Seq: 606
Seq: 607
Seq: 608
Seq: 609
Seq: 610
Seq: 611
Seq: 612
Seq: 613
Seq: 614
Seq: 615
Seq: 616
Seq: 617
Seq: 618
Seq: 619
Seq: 620
Seq: 621
Seq: 622
Seq: 623
Seq: 624
Seq: 625
Seq: 626
Seq: 627
Seq: 628
Seq: 629
Seq: 630
Seq: 631
Seq: 632
Seq: 633
Seq: 634
Seq: 635
Seq: 636
Seq: 637
Seq: 638
Seq: 639
Seq: 640
Seq: 641
Seq: 642
Seq: 643
Seq: 644
Seq: 645
Seq: 646
Seq: 647
Seq: 648
Seq: 649
Seq: 650
Seq: 651
Seq: 652
Seq: 653
Seq: 654
Seq: 655
Seq: 656
Seq: 657
Seq: 658
Seq: 659
Seq: 660
Seq: 661
Seq: 662
Seq: 663
Seq: 664
Seq: 665
Seq: 666
Seq: 667
Seq: 668
Seq: 669
Seq: 670
Seq: 671
Seq: 672
Seq: 673
Seq: 674
Seq: 675
Seq: 676
Seq: 677
Seq: 678
Seq: 679
Seq: 680
Seq: 681
Seq: 682
Seq: 683
Seq: 684
Seq: 685
Seq: 686
Seq: 687
Seq: 688
Seq: 689
Seq: 690
Seq: 691
Seq: 692
Seq: 693
Seq: 694
Seq: 695
Seq: 696
Seq: 697
Seq: 698
Seq: 699
Seq: 700
Seq: 701
Seq: 702
Seq: 703
Seq: 704
Seq: 705
Seq: 706
Seq: 707
Seq: 708
Seq: 709
Seq: 710
Seq: 711
Seq: 712
Seq: 713
Seq: 714
Seq: 715
Seq: 716
Seq: 717
Seq: 718
Seq: 719
Seq: 720
Seq: 721
Seq: 722
Seq: 723
Seq: 724
Seq: 725
Seq: 726
Seq: 727
Seq: 728
Seq: 729
Seq: 730
Seq: 731
Seq: 732
Seq: 733
Seq: 734
Seq: 735
Seq: 736
Seq: 737
Seq: 738
Seq: 739
Seq: 740
Seq: 741
Seq: 742
Seq: 743
Seq: 744
Seq: 745
Seq: 746
Seq: 747
Seq: 748
Seq: 749
Seq: 750
Seq: 751
Seq: 752
Seq: 753
Seq: 754
Seq: 755
Seq: 756
Seq: 757
Seq: 758
Seq: 759
Seq: 760
Seq: 761
Seq: 762
Seq: 763
Seq: 764
Seq: 765
Seq: 766
Seq: 767
Seq: 768
Seq: 769
Seq: 770
Seq: 771
Seq: 772
Seq: 773
Seq: 774
Seq: 775
Seq: 776
Seq: 777
Seq: 778
Seq: 779
Seq: 780
Seq: 781
Seq: 782
Seq: 783
Seq: 784
Seq: 785
Seq: 786
Seq: 787
Seq: 788
Seq: 789
Seq: 790
Seq: 791
Seq: 792
Seq: 793
Seq: 794
Seq: 795
Seq: 796
Seq: 797
Seq: 798
Seq: 799
Seq: 800
Seq: 801
Seq: 802
Seq: 803
Seq: 804
Seq: 805
Seq: 806
Seq: 807
Seq: 808
Seq: 809
Seq: 810
Seq: 811
Seq: 812
Seq: 813
Seq: 814
Seq: 815
Seq: 816
Seq: 817
Seq: 818
Seq: 819
Seq: 820
Seq: 821
Seq: 822
Seq: 823
Seq: 824
Seq: 825
Seq: 826
Seq: 827
Seq: 828
Seq: 829
Seq: 830
Seq: 831
Seq: 832
Seq: 833
Seq: 834
Seq: 835
Seq: 836
Seq: 837
Seq: 838
Seq: 839
Seq: 840
Seq: 841
Seq: 842
Seq: 843
Seq: 844
Seq: 845
Seq: 846
Seq: 847
Seq: 848
Seq: 849
Seq: 850
Seq: 851
Seq: 852
Seq: 853
Seq: 854
Seq: 855
Seq: 856
Seq: 857
Seq: 858
Seq: 859
Seq: 860
Seq: 861
Seq: 862
Seq: 863
Seq: 864
Seq: 865
Seq: 866
Seq: 867
Seq: 868
Seq: 869
Seq: 870
Seq: 871
Seq: 872
Seq: 873
Seq: 874
Seq: 875
Seq: 876
Seq: 877
Seq: 878
Seq: 879
Seq: 880
Seq: 881
Seq: 882
Seq: 883
Seq: 884
Seq: 885
Seq: 886
Seq: 887
Seq: 888
Seq: 889
Seq: 890
Seq: 891
Seq: 892
Seq: 893
Seq: 894
Seq: 895
Seq: 896
Seq: 897
Seq: 898
Seq: 899
Seq: 900
Seq: 901
Seq: 902
Seq: 903
Seq: 904
Seq: 905
Seq: 906
Seq: 907
Seq: 908
Seq: 909
Seq: 910
Seq: 911
Seq: 912
Seq: 913
Seq: 914
Seq: 915
Seq: 916
Seq: 917
Seq: 918
Seq: 919
Seq: 920
Seq: 921
Seq: 922
Seq: 923
Seq: 924
Seq: 925
Seq: 926
Seq: 927
Seq: 928
Seq: 929
Seq: 930
Seq: 931
Seq: 932
Seq: 933
Seq: 934
Seq: 935
Seq: 936
Seq: 937
Seq: 938
Seq: 939
Seq: 940
Seq: 941
Seq: 942
Seq: 943
Seq: 944
Seq: 945
Seq: 946
Seq: 947
Seq: 948
Seq: 949
Seq: 950
Seq: 951
Seq: 952
Seq: 953
Seq: 954
Seq: 955
Seq: 956
Seq: 957
Seq: 958
Seq: 959
Seq: 960
Seq: 961
Seq: 962
Seq: 963
Seq: 964
Seq: 965
Seq: 966
Seq: 967
Seq: 968
Seq: 969
Seq: 970
Seq: 971
Seq: 972
Seq: 973
Seq: 974
Seq: 975
Seq: 976
Seq: 977
Seq: 978
Seq: 979
Seq: 980
Seq: 981
Seq: 982
Seq: 983
Seq: 984
Seq: 985
Seq: 986
Seq: 987
Seq: 988
Seq: 989
Seq: 990
Seq: 991
Seq: 992
Seq: 993
Seq: 994
Seq: 995
Seq: 996
Seq: 997
Seq: 998
Seq: 999
INFO:    Cleaning up image...

*****************************************************************************
*                                                                           *
*                    JOB EFFICIENCY REPORT (seff 4527116)                   *
*                                                                           *
*****************************************************************************

Job ID: 4527116
Cluster: finisterrae3
User/Group: ulciimnv/ulc
State: COMPLETED (exit code 0)
Cores: 1
CPU Utilized: 01:32:24
CPU Efficiency: 97.62% of 01:34:39 core-walltime
Job Wall-clock time: 01:34:39
Memory Utilized: 578.09 MB
Memory Efficiency: 18.82% of 3.00 GB

 +++++++++++++++++++++++++++++++++++++++++++++++++++++++++++++++++++++++++++
 ++   Memory Efficiency is too small. Please review the requested memory. ++
 ++ It seems that you do not need that much memory so we recommend        ++
 ++ requesting less memory in other similar jobs.                         ++
 +++++++++++++++++++++++++++++++++++++++++++++++++++++++++++++++++++++++++++
 
*****************************************************************************

