slurmstepd: info: Setting TMPDIR to /scratch/5328408. Previous errors about TMPDIR can be discarded
squashfs/4.3 loaded
go/1.17.8 loaded
singularity/3.9.7 loaded
INFO:    Converting SIF file to temporary sandbox...
Base Port: 20008
INFO:    Cleaning up image...

*****************************************************************************
*                                                                           *
*                    JOB EFFICIENCY REPORT (seff 5328408)                   *
*                                                                           *
*****************************************************************************

Job ID: 5328408
Cluster: finisterrae3
User/Group: ulciimnv/ulc
State: COMPLETED (exit code 0)
Cores: 1
CPU Utilized: 00:05:00
CPU Efficiency: 73.89% of 00:06:46 core-walltime
Job Wall-clock time: 00:06:46
Memory Utilized: 527.02 MB
Memory Efficiency: 17.16% of 3.00 GB

 +++++++++++++++++++++++++++++++++++++++++++++++++++++++++++++++++++++++++++
 ++   Memory Efficiency is too small. Please review the requested memory. ++
 ++ It seems that you do not need that much memory so we recommend        ++
 ++ requesting less memory in other similar jobs.                         ++
 +++++++++++++++++++++++++++++++++++++++++++++++++++++++++++++++++++++++++++
 
*****************************************************************************

